2023-09-12 04:46:24,075 INFO 8668 [Job#1694465183991328415693315001] D:\work\code\owner\node\eggSys\node_modules\_egg-multipart@3.3.0@egg-multipart\app\schedule\clean_tmpdir.js executing by app
2023-09-12 04:46:24,264 INFO 8668 [-/127.0.0.1/-/189ms SCHEDULE /__schedule?path=D:\work\code\owner\node\eggSys\node_modules\_egg-multipart@3.3.0@egg-multipart\app\schedule\clean_tmpdir.js&type=worker&cron=0%2030%204%20*%20*%20*&disable=false&immediate=false] [Job#1694465183991328415693315001] D:\work\code\owner\node\eggSys\node_modules\_egg-multipart@3.3.0@egg-multipart\app\schedule\clean_tmpdir.js execute succeed, used 189ms. 
2023-09-12 04:46:23,994 INFO 7372 [Timer] D:\work\code\owner\node\eggSys\node_modules\_egg-multipart@3.3.0@egg-multipart\app\schedule\clean_tmpdir.js next time will execute after 85416009ms at 2023-09-13 04:30:00.003
2023-09-12 10:44:16,527 INFO 12148 [egg-schedule]: register schedule D:\work\code\owner\node\eggSys\node_modules\_egg-multipart@3.3.0@egg-multipart\app\schedule\clean_tmpdir.js
2023-09-12 10:44:16,527 INFO 12148 [egg-schedule]: register schedule D:\work\code\owner\node\eggSys\node_modules\_egg-logrotator@3.1.0@egg-logrotator\app\schedule\clean_log.js
2023-09-12 10:44:16,527 INFO 12148 [egg-schedule]: register schedule D:\work\code\owner\node\eggSys\node_modules\_egg-logrotator@3.1.0@egg-logrotator\app\schedule\rotate_by_file.js
2023-09-12 10:44:16,527 INFO 12148 [egg-schedule]: register schedule D:\work\code\owner\node\eggSys\app\schedule\updateInfo.js
2023-09-12 10:44:18,344 INFO 15728 [egg-schedule]: register schedule D:\work\code\owner\node\eggSys\node_modules\_egg-multipart@3.3.0@egg-multipart\app\schedule\clean_tmpdir.js
2023-09-12 10:44:18,344 INFO 15728 [egg-schedule]: register schedule D:\work\code\owner\node\eggSys\node_modules\_egg-logrotator@3.1.0@egg-logrotator\app\schedule\clean_log.js
2023-09-12 10:44:18,344 INFO 15728 [egg-schedule]: register schedule D:\work\code\owner\node\eggSys\node_modules\_egg-logrotator@3.1.0@egg-logrotator\app\schedule\rotate_by_file.js
2023-09-12 10:44:18,344 INFO 15728 [egg-schedule]: register schedule D:\work\code\owner\node\eggSys\app\schedule\updateInfo.js
2023-09-12 10:44:54,815 INFO 9404 [egg-schedule]: register schedule D:\work\code\owner\node\eggSys\node_modules\_egg-multipart@3.3.0@egg-multipart\app\schedule\clean_tmpdir.js
2023-09-12 10:44:54,815 INFO 9404 [egg-schedule]: register schedule D:\work\code\owner\node\eggSys\node_modules\_egg-logrotator@3.1.0@egg-logrotator\app\schedule\clean_log.js
2023-09-12 10:44:54,815 INFO 9404 [egg-schedule]: register schedule D:\work\code\owner\node\eggSys\node_modules\_egg-logrotator@3.1.0@egg-logrotator\app\schedule\rotate_by_file.js
2023-09-12 10:44:54,815 INFO 9404 [egg-schedule]: register schedule D:\work\code\owner\node\eggSys\app\schedule\updateInfo.js
2023-09-12 10:45:21,608 INFO 19276 [egg-schedule]: register schedule D:\work\code\owner\node\eggSys\node_modules\_egg-multipart@3.3.0@egg-multipart\app\schedule\clean_tmpdir.js
2023-09-12 10:45:21,608 INFO 19276 [egg-schedule]: register schedule D:\work\code\owner\node\eggSys\node_modules\_egg-logrotator@3.1.0@egg-logrotator\app\schedule\clean_log.js
2023-09-12 10:45:21,608 INFO 19276 [egg-schedule]: register schedule D:\work\code\owner\node\eggSys\node_modules\_egg-logrotator@3.1.0@egg-logrotator\app\schedule\rotate_by_file.js
2023-09-12 10:45:21,608 INFO 19276 [egg-schedule]: register schedule D:\work\code\owner\node\eggSys\app\schedule\updateInfo.js
2023-09-12 10:45:48,385 INFO 18372 [egg-schedule]: register schedule D:\work\code\owner\node\eggSys\node_modules\_egg-multipart@3.3.0@egg-multipart\app\schedule\clean_tmpdir.js
2023-09-12 10:45:48,385 INFO 18372 [egg-schedule]: register schedule D:\work\code\owner\node\eggSys\node_modules\_egg-logrotator@3.1.0@egg-logrotator\app\schedule\clean_log.js
2023-09-12 10:45:48,385 INFO 18372 [egg-schedule]: register schedule D:\work\code\owner\node\eggSys\node_modules\_egg-logrotator@3.1.0@egg-logrotator\app\schedule\rotate_by_file.js
2023-09-12 10:45:48,385 INFO 18372 [egg-schedule]: register schedule D:\work\code\owner\node\eggSys\app\schedule\updateInfo.js
2023-09-12 10:46:22,356 INFO 1028 [egg-schedule]: register schedule D:\work\code\owner\node\eggSys\node_modules\_egg-multipart@3.3.0@egg-multipart\app\schedule\clean_tmpdir.js
2023-09-12 10:46:22,356 INFO 1028 [egg-schedule]: register schedule D:\work\code\owner\node\eggSys\node_modules\_egg-logrotator@3.1.0@egg-logrotator\app\schedule\clean_log.js
2023-09-12 10:46:22,356 INFO 1028 [egg-schedule]: register schedule D:\work\code\owner\node\eggSys\node_modules\_egg-logrotator@3.1.0@egg-logrotator\app\schedule\rotate_by_file.js
2023-09-12 10:46:22,356 INFO 1028 [egg-schedule]: register schedule D:\work\code\owner\node\eggSys\app\schedule\updateInfo.js
2023-09-12 10:46:28,648 INFO 6632 [egg-schedule]: register schedule D:\work\code\owner\node\eggSys\node_modules\_egg-multipart@3.3.0@egg-multipart\app\schedule\clean_tmpdir.js
2023-09-12 10:46:28,648 INFO 6632 [egg-schedule]: register schedule D:\work\code\owner\node\eggSys\node_modules\_egg-logrotator@3.1.0@egg-logrotator\app\schedule\clean_log.js
2023-09-12 10:46:28,648 INFO 6632 [egg-schedule]: register schedule D:\work\code\owner\node\eggSys\node_modules\_egg-logrotator@3.1.0@egg-logrotator\app\schedule\rotate_by_file.js
2023-09-12 10:46:28,648 INFO 6632 [egg-schedule]: register schedule D:\work\code\owner\node\eggSys\app\schedule\updateInfo.js
2023-09-12 11:06:29,893 INFO 7316 [egg-schedule]: register schedule D:\work\code\owner\node\eggSys\node_modules\_egg-multipart@3.3.0@egg-multipart\app\schedule\clean_tmpdir.js
2023-09-12 11:06:29,893 INFO 7316 [egg-schedule]: register schedule D:\work\code\owner\node\eggSys\node_modules\_egg-logrotator@3.1.0@egg-logrotator\app\schedule\clean_log.js
2023-09-12 11:06:29,893 INFO 7316 [egg-schedule]: register schedule D:\work\code\owner\node\eggSys\node_modules\_egg-logrotator@3.1.0@egg-logrotator\app\schedule\rotate_by_file.js
2023-09-12 11:06:29,893 INFO 7316 [egg-schedule]: register schedule D:\work\code\owner\node\eggSys\app\schedule\updateInfo.js
2023-09-12 11:07:44,963 INFO 6336 [egg-schedule]: register schedule D:\work\code\owner\node\eggSys\node_modules\_egg-multipart@3.3.0@egg-multipart\app\schedule\clean_tmpdir.js
2023-09-12 11:07:44,963 INFO 6336 [egg-schedule]: register schedule D:\work\code\owner\node\eggSys\node_modules\_egg-logrotator@3.1.0@egg-logrotator\app\schedule\clean_log.js
2023-09-12 11:07:44,963 INFO 6336 [egg-schedule]: register schedule D:\work\code\owner\node\eggSys\node_modules\_egg-logrotator@3.1.0@egg-logrotator\app\schedule\rotate_by_file.js
2023-09-12 11:07:44,963 INFO 6336 [egg-schedule]: register schedule D:\work\code\owner\node\eggSys\app\schedule\updateInfo.js
2023-09-12 11:07:49,476 INFO 15028 [egg-schedule]: register schedule D:\work\code\owner\node\eggSys\node_modules\_egg-multipart@3.3.0@egg-multipart\app\schedule\clean_tmpdir.js
2023-09-12 11:07:49,476 INFO 15028 [egg-schedule]: register schedule D:\work\code\owner\node\eggSys\node_modules\_egg-logrotator@3.1.0@egg-logrotator\app\schedule\clean_log.js
2023-09-12 11:07:49,476 INFO 15028 [egg-schedule]: register schedule D:\work\code\owner\node\eggSys\node_modules\_egg-logrotator@3.1.0@egg-logrotator\app\schedule\rotate_by_file.js
2023-09-12 11:07:49,476 INFO 15028 [egg-schedule]: register schedule D:\work\code\owner\node\eggSys\app\schedule\updateInfo.js
2023-09-12 11:08:07,065 INFO 5960 [egg-schedule]: register schedule D:\work\code\owner\node\eggSys\node_modules\_egg-multipart@3.3.0@egg-multipart\app\schedule\clean_tmpdir.js
2023-09-12 11:08:07,065 INFO 5960 [egg-schedule]: register schedule D:\work\code\owner\node\eggSys\node_modules\_egg-logrotator@3.1.0@egg-logrotator\app\schedule\clean_log.js
2023-09-12 11:08:07,065 INFO 5960 [egg-schedule]: register schedule D:\work\code\owner\node\eggSys\node_modules\_egg-logrotator@3.1.0@egg-logrotator\app\schedule\rotate_by_file.js
2023-09-12 11:08:07,065 INFO 5960 [egg-schedule]: register schedule D:\work\code\owner\node\eggSys\app\schedule\updateInfo.js
2023-09-12 11:08:20,189 INFO 18572 [egg-schedule]: register schedule D:\work\code\owner\node\eggSys\node_modules\_egg-multipart@3.3.0@egg-multipart\app\schedule\clean_tmpdir.js
2023-09-12 11:08:20,189 INFO 18572 [egg-schedule]: register schedule D:\work\code\owner\node\eggSys\node_modules\_egg-logrotator@3.1.0@egg-logrotator\app\schedule\clean_log.js
2023-09-12 11:08:20,189 INFO 18572 [egg-schedule]: register schedule D:\work\code\owner\node\eggSys\node_modules\_egg-logrotator@3.1.0@egg-logrotator\app\schedule\rotate_by_file.js
2023-09-12 11:08:20,189 INFO 18572 [egg-schedule]: register schedule D:\work\code\owner\node\eggSys\app\schedule\updateInfo.js
2023-09-12 11:09:04,997 INFO 11388 [egg-schedule]: register schedule D:\work\code\owner\node\eggSys\node_modules\_egg-multipart@3.3.0@egg-multipart\app\schedule\clean_tmpdir.js
2023-09-12 11:09:04,997 INFO 11388 [egg-schedule]: register schedule D:\work\code\owner\node\eggSys\node_modules\_egg-logrotator@3.1.0@egg-logrotator\app\schedule\clean_log.js
2023-09-12 11:09:04,997 INFO 11388 [egg-schedule]: register schedule D:\work\code\owner\node\eggSys\node_modules\_egg-logrotator@3.1.0@egg-logrotator\app\schedule\rotate_by_file.js
2023-09-12 11:09:04,997 INFO 11388 [egg-schedule]: register schedule D:\work\code\owner\node\eggSys\app\schedule\updateInfo.js
2023-09-12 11:09:15,895 INFO 15080 [egg-schedule]: register schedule D:\work\code\owner\node\eggSys\node_modules\_egg-multipart@3.3.0@egg-multipart\app\schedule\clean_tmpdir.js
2023-09-12 11:09:15,895 INFO 15080 [egg-schedule]: register schedule D:\work\code\owner\node\eggSys\node_modules\_egg-logrotator@3.1.0@egg-logrotator\app\schedule\clean_log.js
2023-09-12 11:09:15,895 INFO 15080 [egg-schedule]: register schedule D:\work\code\owner\node\eggSys\node_modules\_egg-logrotator@3.1.0@egg-logrotator\app\schedule\rotate_by_file.js
2023-09-12 11:09:15,895 INFO 15080 [egg-schedule]: register schedule D:\work\code\owner\node\eggSys\app\schedule\updateInfo.js
2023-09-12 11:09:27,093 INFO 3500 [egg-schedule]: register schedule D:\work\code\owner\node\eggSys\node_modules\_egg-multipart@3.3.0@egg-multipart\app\schedule\clean_tmpdir.js
2023-09-12 11:09:27,093 INFO 3500 [egg-schedule]: register schedule D:\work\code\owner\node\eggSys\node_modules\_egg-logrotator@3.1.0@egg-logrotator\app\schedule\clean_log.js
2023-09-12 11:09:27,093 INFO 3500 [egg-schedule]: register schedule D:\work\code\owner\node\eggSys\node_modules\_egg-logrotator@3.1.0@egg-logrotator\app\schedule\rotate_by_file.js
2023-09-12 11:09:27,093 INFO 3500 [egg-schedule]: register schedule D:\work\code\owner\node\eggSys\app\schedule\updateInfo.js
2023-09-12 11:09:40,603 INFO 7516 [egg-schedule]: register schedule D:\work\code\owner\node\eggSys\node_modules\_egg-multipart@3.3.0@egg-multipart\app\schedule\clean_tmpdir.js
2023-09-12 11:09:40,603 INFO 7516 [egg-schedule]: register schedule D:\work\code\owner\node\eggSys\node_modules\_egg-logrotator@3.1.0@egg-logrotator\app\schedule\clean_log.js
2023-09-12 11:09:40,603 INFO 7516 [egg-schedule]: register schedule D:\work\code\owner\node\eggSys\node_modules\_egg-logrotator@3.1.0@egg-logrotator\app\schedule\rotate_by_file.js
2023-09-12 11:09:40,603 INFO 7516 [egg-schedule]: register schedule D:\work\code\owner\node\eggSys\app\schedule\updateInfo.js
2023-09-12 11:11:02,395 INFO 9936 [egg-schedule]: register schedule D:\work\code\owner\node\eggSys\node_modules\_egg-multipart@3.3.0@egg-multipart\app\schedule\clean_tmpdir.js
2023-09-12 11:11:02,395 INFO 9936 [egg-schedule]: register schedule D:\work\code\owner\node\eggSys\node_modules\_egg-logrotator@3.1.0@egg-logrotator\app\schedule\clean_log.js
2023-09-12 11:11:02,395 INFO 9936 [egg-schedule]: register schedule D:\work\code\owner\node\eggSys\node_modules\_egg-logrotator@3.1.0@egg-logrotator\app\schedule\rotate_by_file.js
2023-09-12 11:11:02,395 INFO 9936 [egg-schedule]: register schedule D:\work\code\owner\node\eggSys\app\schedule\updateInfo.js
2023-09-12 11:14:22,842 INFO 6640 [egg-schedule]: register schedule D:\work\code\owner\node\eggSys\node_modules\_egg-multipart@3.3.0@egg-multipart\app\schedule\clean_tmpdir.js
2023-09-12 11:14:22,842 INFO 6640 [egg-schedule]: register schedule D:\work\code\owner\node\eggSys\node_modules\_egg-logrotator@3.1.0@egg-logrotator\app\schedule\clean_log.js
2023-09-12 11:14:22,842 INFO 6640 [egg-schedule]: register schedule D:\work\code\owner\node\eggSys\node_modules\_egg-logrotator@3.1.0@egg-logrotator\app\schedule\rotate_by_file.js
2023-09-12 11:14:22,842 INFO 6640 [egg-schedule]: register schedule D:\work\code\owner\node\eggSys\app\schedule\updateInfo.js
2023-09-12 11:14:29,648 INFO 18760 [egg-schedule]: register schedule D:\work\code\owner\node\eggSys\node_modules\_egg-multipart@3.3.0@egg-multipart\app\schedule\clean_tmpdir.js
2023-09-12 11:14:29,648 INFO 18760 [egg-schedule]: register schedule D:\work\code\owner\node\eggSys\node_modules\_egg-logrotator@3.1.0@egg-logrotator\app\schedule\clean_log.js
2023-09-12 11:14:29,648 INFO 18760 [egg-schedule]: register schedule D:\work\code\owner\node\eggSys\node_modules\_egg-logrotator@3.1.0@egg-logrotator\app\schedule\rotate_by_file.js
2023-09-12 11:14:29,648 INFO 18760 [egg-schedule]: register schedule D:\work\code\owner\node\eggSys\app\schedule\updateInfo.js
2023-09-12 11:15:12,460 INFO 6944 [egg-schedule]: register schedule D:\work\code\owner\node\eggSys\node_modules\_egg-multipart@3.3.0@egg-multipart\app\schedule\clean_tmpdir.js
2023-09-12 11:15:12,460 INFO 6944 [egg-schedule]: register schedule D:\work\code\owner\node\eggSys\node_modules\_egg-logrotator@3.1.0@egg-logrotator\app\schedule\clean_log.js
2023-09-12 11:15:12,460 INFO 6944 [egg-schedule]: register schedule D:\work\code\owner\node\eggSys\node_modules\_egg-logrotator@3.1.0@egg-logrotator\app\schedule\rotate_by_file.js
2023-09-12 11:15:12,460 INFO 6944 [egg-schedule]: register schedule D:\work\code\owner\node\eggSys\app\schedule\updateInfo.js
2023-09-12 11:15:43,115 INFO 1984 [egg-schedule]: register schedule D:\work\code\owner\node\eggSys\node_modules\_egg-multipart@3.3.0@egg-multipart\app\schedule\clean_tmpdir.js
2023-09-12 11:15:43,115 INFO 1984 [egg-schedule]: register schedule D:\work\code\owner\node\eggSys\node_modules\_egg-logrotator@3.1.0@egg-logrotator\app\schedule\clean_log.js
2023-09-12 11:15:43,115 INFO 1984 [egg-schedule]: register schedule D:\work\code\owner\node\eggSys\node_modules\_egg-logrotator@3.1.0@egg-logrotator\app\schedule\rotate_by_file.js
2023-09-12 11:15:43,115 INFO 1984 [egg-schedule]: register schedule D:\work\code\owner\node\eggSys\app\schedule\updateInfo.js
2023-09-12 11:15:58,783 INFO 15344 [egg-schedule]: register schedule D:\work\code\owner\node\eggSys\node_modules\_egg-multipart@3.3.0@egg-multipart\app\schedule\clean_tmpdir.js
2023-09-12 11:15:58,783 INFO 15344 [egg-schedule]: register schedule D:\work\code\owner\node\eggSys\node_modules\_egg-logrotator@3.1.0@egg-logrotator\app\schedule\clean_log.js
2023-09-12 11:15:58,783 INFO 15344 [egg-schedule]: register schedule D:\work\code\owner\node\eggSys\node_modules\_egg-logrotator@3.1.0@egg-logrotator\app\schedule\rotate_by_file.js
2023-09-12 11:15:58,783 INFO 15344 [egg-schedule]: register schedule D:\work\code\owner\node\eggSys\app\schedule\updateInfo.js
2023-09-12 11:16:14,125 INFO 18592 [egg-schedule]: register schedule D:\work\code\owner\node\eggSys\node_modules\_egg-multipart@3.3.0@egg-multipart\app\schedule\clean_tmpdir.js
2023-09-12 11:16:14,125 INFO 18592 [egg-schedule]: register schedule D:\work\code\owner\node\eggSys\node_modules\_egg-logrotator@3.1.0@egg-logrotator\app\schedule\clean_log.js
2023-09-12 11:16:14,125 INFO 18592 [egg-schedule]: register schedule D:\work\code\owner\node\eggSys\node_modules\_egg-logrotator@3.1.0@egg-logrotator\app\schedule\rotate_by_file.js
2023-09-12 11:16:14,125 INFO 18592 [egg-schedule]: register schedule D:\work\code\owner\node\eggSys\app\schedule\updateInfo.js
2023-09-12 11:16:43,374 INFO 11096 [egg-schedule]: register schedule D:\work\code\owner\node\eggSys\node_modules\_egg-multipart@3.3.0@egg-multipart\app\schedule\clean_tmpdir.js
2023-09-12 11:16:43,374 INFO 11096 [egg-schedule]: register schedule D:\work\code\owner\node\eggSys\node_modules\_egg-logrotator@3.1.0@egg-logrotator\app\schedule\clean_log.js
2023-09-12 11:16:43,374 INFO 11096 [egg-schedule]: register schedule D:\work\code\owner\node\eggSys\node_modules\_egg-logrotator@3.1.0@egg-logrotator\app\schedule\rotate_by_file.js
2023-09-12 11:16:43,374 INFO 11096 [egg-schedule]: register schedule D:\work\code\owner\node\eggSys\app\schedule\updateInfo.js
2023-09-12 11:16:58,459 INFO 16456 [egg-schedule]: register schedule D:\work\code\owner\node\eggSys\node_modules\_egg-multipart@3.3.0@egg-multipart\app\schedule\clean_tmpdir.js
2023-09-12 11:16:58,459 INFO 16456 [egg-schedule]: register schedule D:\work\code\owner\node\eggSys\node_modules\_egg-logrotator@3.1.0@egg-logrotator\app\schedule\clean_log.js
2023-09-12 11:16:58,459 INFO 16456 [egg-schedule]: register schedule D:\work\code\owner\node\eggSys\node_modules\_egg-logrotator@3.1.0@egg-logrotator\app\schedule\rotate_by_file.js
2023-09-12 11:16:58,459 INFO 16456 [egg-schedule]: register schedule D:\work\code\owner\node\eggSys\app\schedule\updateInfo.js
2023-09-12 11:17:20,468 INFO 6276 [egg-schedule]: register schedule D:\work\code\owner\node\eggSys\node_modules\_egg-multipart@3.3.0@egg-multipart\app\schedule\clean_tmpdir.js
2023-09-12 11:17:20,468 INFO 6276 [egg-schedule]: register schedule D:\work\code\owner\node\eggSys\node_modules\_egg-logrotator@3.1.0@egg-logrotator\app\schedule\clean_log.js
2023-09-12 11:17:20,468 INFO 6276 [egg-schedule]: register schedule D:\work\code\owner\node\eggSys\node_modules\_egg-logrotator@3.1.0@egg-logrotator\app\schedule\rotate_by_file.js
2023-09-12 11:17:20,469 INFO 6276 [egg-schedule]: register schedule D:\work\code\owner\node\eggSys\app\schedule\updateInfo.js
2023-09-12 11:17:53,909 INFO 17216 [egg-schedule]: register schedule D:\work\code\owner\node\eggSys\node_modules\_egg-multipart@3.3.0@egg-multipart\app\schedule\clean_tmpdir.js
2023-09-12 11:17:53,909 INFO 17216 [egg-schedule]: register schedule D:\work\code\owner\node\eggSys\node_modules\_egg-logrotator@3.1.0@egg-logrotator\app\schedule\clean_log.js
2023-09-12 11:17:53,909 INFO 17216 [egg-schedule]: register schedule D:\work\code\owner\node\eggSys\node_modules\_egg-logrotator@3.1.0@egg-logrotator\app\schedule\rotate_by_file.js
2023-09-12 11:17:53,909 INFO 17216 [egg-schedule]: register schedule D:\work\code\owner\node\eggSys\app\schedule\updateInfo.js
2023-09-12 11:18:16,857 INFO 12712 [egg-schedule]: register schedule D:\work\code\owner\node\eggSys\node_modules\_egg-multipart@3.3.0@egg-multipart\app\schedule\clean_tmpdir.js
2023-09-12 11:18:16,857 INFO 12712 [egg-schedule]: register schedule D:\work\code\owner\node\eggSys\node_modules\_egg-logrotator@3.1.0@egg-logrotator\app\schedule\clean_log.js
2023-09-12 11:18:16,857 INFO 12712 [egg-schedule]: register schedule D:\work\code\owner\node\eggSys\node_modules\_egg-logrotator@3.1.0@egg-logrotator\app\schedule\rotate_by_file.js
2023-09-12 11:18:16,857 INFO 12712 [egg-schedule]: register schedule D:\work\code\owner\node\eggSys\app\schedule\updateInfo.js
2023-09-12 11:18:19,725 INFO 7536 [egg-schedule]: register schedule D:\work\code\owner\node\eggSys\node_modules\_egg-multipart@3.3.0@egg-multipart\app\schedule\clean_tmpdir.js
2023-09-12 11:18:19,725 INFO 7536 [egg-schedule]: register schedule D:\work\code\owner\node\eggSys\node_modules\_egg-logrotator@3.1.0@egg-logrotator\app\schedule\clean_log.js
2023-09-12 11:18:19,725 INFO 7536 [egg-schedule]: register schedule D:\work\code\owner\node\eggSys\node_modules\_egg-logrotator@3.1.0@egg-logrotator\app\schedule\rotate_by_file.js
2023-09-12 11:18:19,725 INFO 7536 [egg-schedule]: register schedule D:\work\code\owner\node\eggSys\app\schedule\updateInfo.js
2023-09-12 11:18:23,503 INFO 17312 [egg-schedule]: register schedule D:\work\code\owner\node\eggSys\node_modules\_egg-multipart@3.3.0@egg-multipart\app\schedule\clean_tmpdir.js
2023-09-12 11:18:23,503 INFO 17312 [egg-schedule]: register schedule D:\work\code\owner\node\eggSys\node_modules\_egg-logrotator@3.1.0@egg-logrotator\app\schedule\clean_log.js
2023-09-12 11:18:23,503 INFO 17312 [egg-schedule]: register schedule D:\work\code\owner\node\eggSys\node_modules\_egg-logrotator@3.1.0@egg-logrotator\app\schedule\rotate_by_file.js
2023-09-12 11:18:23,503 INFO 17312 [egg-schedule]: register schedule D:\work\code\owner\node\eggSys\app\schedule\updateInfo.js
2023-09-12 11:18:29,662 INFO 3524 [egg-schedule]: register schedule D:\work\code\owner\node\eggSys\node_modules\_egg-multipart@3.3.0@egg-multipart\app\schedule\clean_tmpdir.js
2023-09-12 11:18:29,662 INFO 3524 [egg-schedule]: register schedule D:\work\code\owner\node\eggSys\node_modules\_egg-logrotator@3.1.0@egg-logrotator\app\schedule\clean_log.js
2023-09-12 11:18:29,662 INFO 3524 [egg-schedule]: register schedule D:\work\code\owner\node\eggSys\node_modules\_egg-logrotator@3.1.0@egg-logrotator\app\schedule\rotate_by_file.js
2023-09-12 11:18:29,662 INFO 3524 [egg-schedule]: register schedule D:\work\code\owner\node\eggSys\app\schedule\updateInfo.js
2023-09-12 11:22:31,039 INFO 11816 [egg-schedule]: register schedule D:\work\code\owner\node\eggSys\node_modules\_egg-multipart@3.3.0@egg-multipart\app\schedule\clean_tmpdir.js
2023-09-12 11:22:31,039 INFO 11816 [egg-schedule]: register schedule D:\work\code\owner\node\eggSys\node_modules\_egg-logrotator@3.1.0@egg-logrotator\app\schedule\clean_log.js
2023-09-12 11:22:31,039 INFO 11816 [egg-schedule]: register schedule D:\work\code\owner\node\eggSys\node_modules\_egg-logrotator@3.1.0@egg-logrotator\app\schedule\rotate_by_file.js
2023-09-12 11:22:31,039 INFO 11816 [egg-schedule]: register schedule D:\work\code\owner\node\eggSys\app\schedule\updateInfo.js
2023-09-12 11:22:53,134 INFO 9804 [egg-schedule]: register schedule D:\work\code\owner\node\eggSys\node_modules\_egg-multipart@3.3.0@egg-multipart\app\schedule\clean_tmpdir.js
2023-09-12 11:22:53,134 INFO 9804 [egg-schedule]: register schedule D:\work\code\owner\node\eggSys\node_modules\_egg-logrotator@3.1.0@egg-logrotator\app\schedule\clean_log.js
2023-09-12 11:22:53,134 INFO 9804 [egg-schedule]: register schedule D:\work\code\owner\node\eggSys\node_modules\_egg-logrotator@3.1.0@egg-logrotator\app\schedule\rotate_by_file.js
2023-09-12 11:22:53,134 INFO 9804 [egg-schedule]: register schedule D:\work\code\owner\node\eggSys\app\schedule\updateInfo.js
2023-09-12 11:22:54,791 INFO 15196 [egg-schedule]: register schedule D:\work\code\owner\node\eggSys\node_modules\_egg-multipart@3.3.0@egg-multipart\app\schedule\clean_tmpdir.js
2023-09-12 11:22:54,791 INFO 15196 [egg-schedule]: register schedule D:\work\code\owner\node\eggSys\node_modules\_egg-logrotator@3.1.0@egg-logrotator\app\schedule\clean_log.js
2023-09-12 11:22:54,791 INFO 15196 [egg-schedule]: register schedule D:\work\code\owner\node\eggSys\node_modules\_egg-logrotator@3.1.0@egg-logrotator\app\schedule\rotate_by_file.js
2023-09-12 11:22:54,791 INFO 15196 [egg-schedule]: register schedule D:\work\code\owner\node\eggSys\app\schedule\updateInfo.js
2023-09-12 11:29:36,407 INFO 17396 [egg-schedule]: register schedule D:\work\code\owner\node\eggSys\node_modules\_egg-multipart@3.3.0@egg-multipart\app\schedule\clean_tmpdir.js
2023-09-12 11:29:36,407 INFO 17396 [egg-schedule]: register schedule D:\work\code\owner\node\eggSys\node_modules\_egg-logrotator@3.1.0@egg-logrotator\app\schedule\clean_log.js
2023-09-12 11:29:36,407 INFO 17396 [egg-schedule]: register schedule D:\work\code\owner\node\eggSys\node_modules\_egg-logrotator@3.1.0@egg-logrotator\app\schedule\rotate_by_file.js
2023-09-12 11:29:36,407 INFO 17396 [egg-schedule]: register schedule D:\work\code\owner\node\eggSys\app\schedule\updateInfo.js
2023-09-12 11:30:44,865 INFO 11692 [egg-schedule]: register schedule D:\work\code\owner\node\eggSys\node_modules\_egg-multipart@3.3.0@egg-multipart\app\schedule\clean_tmpdir.js
2023-09-12 11:30:44,865 INFO 11692 [egg-schedule]: register schedule D:\work\code\owner\node\eggSys\node_modules\_egg-logrotator@3.1.0@egg-logrotator\app\schedule\clean_log.js
2023-09-12 11:30:44,865 INFO 11692 [egg-schedule]: register schedule D:\work\code\owner\node\eggSys\node_modules\_egg-logrotator@3.1.0@egg-logrotator\app\schedule\rotate_by_file.js
2023-09-12 11:30:44,865 INFO 11692 [egg-schedule]: register schedule D:\work\code\owner\node\eggSys\app\schedule\updateInfo.js
2023-09-12 11:31:13,178 INFO 6484 [Timer] D:\work\code\owner\node\eggSys\node_modules\_egg-multipart@3.3.0@egg-multipart\app\schedule\clean_tmpdir.js next time will execute after 61126825ms at 2023-09-13 04:30:00.003
2023-09-12 11:31:13,179 INFO 6484 [Timer] D:\work\code\owner\node\eggSys\node_modules\_egg-logrotator@3.1.0@egg-logrotator\app\schedule\clean_log.js next time will execute after 44926821ms at 2023-09-13 00:00:00.000
2023-09-12 11:31:13,179 INFO 6484 [Timer] D:\work\code\owner\node\eggSys\node_modules\_egg-logrotator@3.1.0@egg-logrotator\app\schedule\rotate_by_file.js next time will execute after 44927821ms at 2023-09-13 00:00:01.000
2023-09-12 11:31:13,180 INFO 6484 [Timer] D:\work\code\owner\node\eggSys\app\schedule\updateInfo.js next time will execute after 120000000ms at 2023-09-13 20:51:13.180
2023-09-12 11:31:12,925 INFO 17948 [egg-schedule]: register schedule D:\work\code\owner\node\eggSys\node_modules\_egg-multipart@3.3.0@egg-multipart\app\schedule\clean_tmpdir.js
2023-09-12 11:31:12,925 INFO 17948 [egg-schedule]: register schedule D:\work\code\owner\node\eggSys\node_modules\_egg-logrotator@3.1.0@egg-logrotator\app\schedule\clean_log.js
2023-09-12 11:31:12,925 INFO 17948 [egg-schedule]: register schedule D:\work\code\owner\node\eggSys\node_modules\_egg-logrotator@3.1.0@egg-logrotator\app\schedule\rotate_by_file.js
2023-09-12 11:31:12,925 INFO 17948 [egg-schedule]: register schedule D:\work\code\owner\node\eggSys\app\schedule\updateInfo.js
2023-09-12 11:34:05,862 INFO 4964 [egg-schedule]: register schedule D:\work\code\owner\node\eggSys\node_modules\_egg-multipart@3.3.0@egg-multipart\app\schedule\clean_tmpdir.js
2023-09-12 11:34:05,862 INFO 4964 [egg-schedule]: register schedule D:\work\code\owner\node\eggSys\node_modules\_egg-logrotator@3.1.0@egg-logrotator\app\schedule\clean_log.js
2023-09-12 11:34:05,862 INFO 4964 [egg-schedule]: register schedule D:\work\code\owner\node\eggSys\node_modules\_egg-logrotator@3.1.0@egg-logrotator\app\schedule\rotate_by_file.js
2023-09-12 11:34:05,862 INFO 4964 [egg-schedule]: register schedule D:\work\code\owner\node\eggSys\app\schedule\updateInfo.js
2023-09-12 11:34:22,375 INFO 1468 [egg-schedule]: register schedule D:\work\code\owner\node\eggSys\node_modules\_egg-multipart@3.3.0@egg-multipart\app\schedule\clean_tmpdir.js
2023-09-12 11:34:22,375 INFO 1468 [egg-schedule]: register schedule D:\work\code\owner\node\eggSys\node_modules\_egg-logrotator@3.1.0@egg-logrotator\app\schedule\clean_log.js
2023-09-12 11:34:22,375 INFO 1468 [egg-schedule]: register schedule D:\work\code\owner\node\eggSys\node_modules\_egg-logrotator@3.1.0@egg-logrotator\app\schedule\rotate_by_file.js
2023-09-12 11:34:22,375 INFO 1468 [egg-schedule]: register schedule D:\work\code\owner\node\eggSys\app\schedule\updateInfo.js
2023-09-12 11:35:36,407 INFO 15240 [egg-schedule]: register schedule D:\work\code\owner\node\eggSys\node_modules\_egg-multipart@3.3.0@egg-multipart\app\schedule\clean_tmpdir.js
2023-09-12 11:35:36,407 INFO 15240 [egg-schedule]: register schedule D:\work\code\owner\node\eggSys\node_modules\_egg-logrotator@3.1.0@egg-logrotator\app\schedule\clean_log.js
2023-09-12 11:35:36,407 INFO 15240 [egg-schedule]: register schedule D:\work\code\owner\node\eggSys\node_modules\_egg-logrotator@3.1.0@egg-logrotator\app\schedule\rotate_by_file.js
2023-09-12 11:35:36,407 INFO 15240 [egg-schedule]: register schedule D:\work\code\owner\node\eggSys\app\schedule\updateInfo.js
2023-09-12 11:36:13,367 INFO 16100 [egg-schedule]: register schedule D:\work\code\owner\node\eggSys\node_modules\_egg-multipart@3.3.0@egg-multipart\app\schedule\clean_tmpdir.js
2023-09-12 11:36:13,367 INFO 16100 [egg-schedule]: register schedule D:\work\code\owner\node\eggSys\node_modules\_egg-logrotator@3.1.0@egg-logrotator\app\schedule\clean_log.js
2023-09-12 11:36:13,367 INFO 16100 [egg-schedule]: register schedule D:\work\code\owner\node\eggSys\node_modules\_egg-logrotator@3.1.0@egg-logrotator\app\schedule\rotate_by_file.js
2023-09-12 11:36:13,367 INFO 16100 [egg-schedule]: register schedule D:\work\code\owner\node\eggSys\app\schedule\updateInfo.js
2023-09-12 11:36:21,139 INFO 16688 [egg-schedule]: register schedule D:\work\code\owner\node\eggSys\node_modules\_egg-multipart@3.3.0@egg-multipart\app\schedule\clean_tmpdir.js
2023-09-12 11:36:21,139 INFO 16688 [egg-schedule]: register schedule D:\work\code\owner\node\eggSys\node_modules\_egg-logrotator@3.1.0@egg-logrotator\app\schedule\clean_log.js
2023-09-12 11:36:21,139 INFO 16688 [egg-schedule]: register schedule D:\work\code\owner\node\eggSys\node_modules\_egg-logrotator@3.1.0@egg-logrotator\app\schedule\rotate_by_file.js
2023-09-12 11:36:21,139 INFO 16688 [egg-schedule]: register schedule D:\work\code\owner\node\eggSys\app\schedule\updateInfo.js
2023-09-12 11:36:59,772 INFO 18176 [egg-schedule]: register schedule D:\work\code\owner\node\eggSys\node_modules\_egg-multipart@3.3.0@egg-multipart\app\schedule\clean_tmpdir.js
2023-09-12 11:36:59,772 INFO 18176 [egg-schedule]: register schedule D:\work\code\owner\node\eggSys\node_modules\_egg-logrotator@3.1.0@egg-logrotator\app\schedule\clean_log.js
2023-09-12 11:36:59,772 INFO 18176 [egg-schedule]: register schedule D:\work\code\owner\node\eggSys\node_modules\_egg-logrotator@3.1.0@egg-logrotator\app\schedule\rotate_by_file.js
2023-09-12 11:36:59,772 INFO 18176 [egg-schedule]: register schedule D:\work\code\owner\node\eggSys\app\schedule\updateInfo.js
2023-09-12 11:37:12,738 INFO 4744 [egg-schedule]: register schedule D:\work\code\owner\node\eggSys\node_modules\_egg-multipart@3.3.0@egg-multipart\app\schedule\clean_tmpdir.js
2023-09-12 11:37:12,738 INFO 4744 [egg-schedule]: register schedule D:\work\code\owner\node\eggSys\node_modules\_egg-logrotator@3.1.0@egg-logrotator\app\schedule\clean_log.js
2023-09-12 11:37:12,738 INFO 4744 [egg-schedule]: register schedule D:\work\code\owner\node\eggSys\node_modules\_egg-logrotator@3.1.0@egg-logrotator\app\schedule\rotate_by_file.js
2023-09-12 11:37:12,738 INFO 4744 [egg-schedule]: register schedule D:\work\code\owner\node\eggSys\app\schedule\updateInfo.js
2023-09-12 11:37:18,879 INFO 14316 [egg-schedule]: register schedule D:\work\code\owner\node\eggSys\node_modules\_egg-multipart@3.3.0@egg-multipart\app\schedule\clean_tmpdir.js
2023-09-12 11:37:18,879 INFO 14316 [egg-schedule]: register schedule D:\work\code\owner\node\eggSys\node_modules\_egg-logrotator@3.1.0@egg-logrotator\app\schedule\clean_log.js
2023-09-12 11:37:18,879 INFO 14316 [egg-schedule]: register schedule D:\work\code\owner\node\eggSys\node_modules\_egg-logrotator@3.1.0@egg-logrotator\app\schedule\rotate_by_file.js
2023-09-12 11:37:18,879 INFO 14316 [egg-schedule]: register schedule D:\work\code\owner\node\eggSys\app\schedule\updateInfo.js
2023-09-12 13:47:54,712 INFO 2104 [Timer] D:\work\code\owner\node\eggSys\node_modules\_egg-multipart@3.3.0@egg-multipart\app\schedule\clean_tmpdir.js next time will execute after 52925290ms at 2023-09-13 04:30:00.002
2023-09-12 13:47:54,712 INFO 2104 [Timer] D:\work\code\owner\node\eggSys\node_modules\_egg-logrotator@3.1.0@egg-logrotator\app\schedule\clean_log.js next time will execute after 36725288ms at 2023-09-13 00:00:00.000
2023-09-12 13:47:54,712 INFO 2104 [Timer] D:\work\code\owner\node\eggSys\node_modules\_egg-logrotator@3.1.0@egg-logrotator\app\schedule\rotate_by_file.js next time will execute after 36726288ms at 2023-09-13 00:00:01.000
2023-09-12 13:47:54,713 INFO 2104 [Timer] D:\work\code\owner\node\eggSys\app\schedule\updateInfo.js next time will execute after 120000000ms at 2023-09-13 23:07:54.713
2023-09-12 13:47:54,458 INFO 6444 [egg-schedule]: register schedule D:\work\code\owner\node\eggSys\node_modules\_egg-multipart@3.3.0@egg-multipart\app\schedule\clean_tmpdir.js
2023-09-12 13:47:54,458 INFO 6444 [egg-schedule]: register schedule D:\work\code\owner\node\eggSys\node_modules\_egg-logrotator@3.1.0@egg-logrotator\app\schedule\clean_log.js
2023-09-12 13:47:54,458 INFO 6444 [egg-schedule]: register schedule D:\work\code\owner\node\eggSys\node_modules\_egg-logrotator@3.1.0@egg-logrotator\app\schedule\rotate_by_file.js
2023-09-12 13:47:54,458 INFO 6444 [egg-schedule]: register schedule D:\work\code\owner\node\eggSys\app\schedule\updateInfo.js
2023-09-12 13:47:55,961 INFO 2512 [egg-schedule]: register schedule D:\work\code\owner\node\eggSys\node_modules\_egg-multipart@3.3.0@egg-multipart\app\schedule\clean_tmpdir.js
2023-09-12 13:47:55,961 INFO 2512 [egg-schedule]: register schedule D:\work\code\owner\node\eggSys\node_modules\_egg-logrotator@3.1.0@egg-logrotator\app\schedule\clean_log.js
2023-09-12 13:47:55,961 INFO 2512 [egg-schedule]: register schedule D:\work\code\owner\node\eggSys\node_modules\_egg-logrotator@3.1.0@egg-logrotator\app\schedule\rotate_by_file.js
2023-09-12 13:47:55,961 INFO 2512 [egg-schedule]: register schedule D:\work\code\owner\node\eggSys\app\schedule\updateInfo.js
2023-09-12 13:48:27,570 INFO 9476 [egg-schedule]: register schedule D:\work\code\owner\node\eggSys\node_modules\_egg-multipart@3.3.0@egg-multipart\app\schedule\clean_tmpdir.js
2023-09-12 13:48:27,570 INFO 9476 [egg-schedule]: register schedule D:\work\code\owner\node\eggSys\node_modules\_egg-logrotator@3.1.0@egg-logrotator\app\schedule\clean_log.js
2023-09-12 13:48:27,570 INFO 9476 [egg-schedule]: register schedule D:\work\code\owner\node\eggSys\node_modules\_egg-logrotator@3.1.0@egg-logrotator\app\schedule\rotate_by_file.js
2023-09-12 13:48:27,570 INFO 9476 [egg-schedule]: register schedule D:\work\code\owner\node\eggSys\app\schedule\updateInfo.js
2023-09-12 13:50:28,900 INFO 8184 [egg-schedule]: register schedule D:\work\code\owner\node\eggSys\node_modules\_egg-multipart@3.3.0@egg-multipart\app\schedule\clean_tmpdir.js
2023-09-12 13:50:28,900 INFO 8184 [egg-schedule]: register schedule D:\work\code\owner\node\eggSys\node_modules\_egg-logrotator@3.1.0@egg-logrotator\app\schedule\clean_log.js
2023-09-12 13:50:28,900 INFO 8184 [egg-schedule]: register schedule D:\work\code\owner\node\eggSys\node_modules\_egg-logrotator@3.1.0@egg-logrotator\app\schedule\rotate_by_file.js
2023-09-12 13:50:28,900 INFO 8184 [egg-schedule]: register schedule D:\work\code\owner\node\eggSys\app\schedule\updateInfo.js
2023-09-12 13:51:52,508 INFO 16024 [egg-schedule]: register schedule D:\work\code\owner\node\eggSys\node_modules\_egg-multipart@3.3.0@egg-multipart\app\schedule\clean_tmpdir.js
2023-09-12 13:51:52,508 INFO 16024 [egg-schedule]: register schedule D:\work\code\owner\node\eggSys\node_modules\_egg-logrotator@3.1.0@egg-logrotator\app\schedule\clean_log.js
2023-09-12 13:51:52,508 INFO 16024 [egg-schedule]: register schedule D:\work\code\owner\node\eggSys\node_modules\_egg-logrotator@3.1.0@egg-logrotator\app\schedule\rotate_by_file.js
2023-09-12 13:51:52,508 INFO 16024 [egg-schedule]: register schedule D:\work\code\owner\node\eggSys\app\schedule\updateInfo.js
2023-09-12 13:52:06,988 INFO 16224 [egg-schedule]: register schedule D:\work\code\owner\node\eggSys\node_modules\_egg-multipart@3.3.0@egg-multipart\app\schedule\clean_tmpdir.js
2023-09-12 13:52:06,988 INFO 16224 [egg-schedule]: register schedule D:\work\code\owner\node\eggSys\node_modules\_egg-logrotator@3.1.0@egg-logrotator\app\schedule\clean_log.js
2023-09-12 13:52:06,988 INFO 16224 [egg-schedule]: register schedule D:\work\code\owner\node\eggSys\node_modules\_egg-logrotator@3.1.0@egg-logrotator\app\schedule\rotate_by_file.js
2023-09-12 13:52:06,988 INFO 16224 [egg-schedule]: register schedule D:\work\code\owner\node\eggSys\app\schedule\updateInfo.js
2023-09-12 14:00:46,170 INFO 12236 [egg-schedule]: register schedule D:\work\code\owner\node\eggSys\node_modules\_egg-multipart@3.3.0@egg-multipart\app\schedule\clean_tmpdir.js
2023-09-12 14:00:46,170 INFO 12236 [egg-schedule]: register schedule D:\work\code\owner\node\eggSys\node_modules\_egg-logrotator@3.1.0@egg-logrotator\app\schedule\clean_log.js
2023-09-12 14:00:46,170 INFO 12236 [egg-schedule]: register schedule D:\work\code\owner\node\eggSys\node_modules\_egg-logrotator@3.1.0@egg-logrotator\app\schedule\rotate_by_file.js
2023-09-12 14:00:46,170 INFO 12236 [egg-schedule]: register schedule D:\work\code\owner\node\eggSys\app\schedule\updateInfo.js
2023-09-12 14:01:11,718 INFO 14196 [egg-schedule]: register schedule D:\work\code\owner\node\eggSys\node_modules\_egg-multipart@3.3.0@egg-multipart\app\schedule\clean_tmpdir.js
2023-09-12 14:01:11,718 INFO 14196 [egg-schedule]: register schedule D:\work\code\owner\node\eggSys\node_modules\_egg-logrotator@3.1.0@egg-logrotator\app\schedule\clean_log.js
2023-09-12 14:01:11,718 INFO 14196 [egg-schedule]: register schedule D:\work\code\owner\node\eggSys\node_modules\_egg-logrotator@3.1.0@egg-logrotator\app\schedule\rotate_by_file.js
2023-09-12 14:01:11,718 INFO 14196 [egg-schedule]: register schedule D:\work\code\owner\node\eggSys\app\schedule\updateInfo.js
2023-09-12 14:01:50,652 INFO 14924 [egg-schedule]: register schedule D:\work\code\owner\node\eggSys\node_modules\_egg-multipart@3.3.0@egg-multipart\app\schedule\clean_tmpdir.js
2023-09-12 14:01:50,652 INFO 14924 [egg-schedule]: register schedule D:\work\code\owner\node\eggSys\node_modules\_egg-logrotator@3.1.0@egg-logrotator\app\schedule\clean_log.js
2023-09-12 14:01:50,652 INFO 14924 [egg-schedule]: register schedule D:\work\code\owner\node\eggSys\node_modules\_egg-logrotator@3.1.0@egg-logrotator\app\schedule\rotate_by_file.js
2023-09-12 14:01:50,652 INFO 14924 [egg-schedule]: register schedule D:\work\code\owner\node\eggSys\app\schedule\updateInfo.js
2023-09-12 14:02:28,559 INFO 19112 [egg-schedule]: register schedule D:\work\code\owner\node\eggSys\node_modules\_egg-multipart@3.3.0@egg-multipart\app\schedule\clean_tmpdir.js
2023-09-12 14:02:28,559 INFO 19112 [egg-schedule]: register schedule D:\work\code\owner\node\eggSys\node_modules\_egg-logrotator@3.1.0@egg-logrotator\app\schedule\clean_log.js
2023-09-12 14:02:28,559 INFO 19112 [egg-schedule]: register schedule D:\work\code\owner\node\eggSys\node_modules\_egg-logrotator@3.1.0@egg-logrotator\app\schedule\rotate_by_file.js
2023-09-12 14:02:28,559 INFO 19112 [egg-schedule]: register schedule D:\work\code\owner\node\eggSys\app\schedule\updateInfo.js
2023-09-12 14:03:28,614 INFO 4008 [egg-schedule]: register schedule D:\work\code\owner\node\eggSys\node_modules\_egg-multipart@3.3.0@egg-multipart\app\schedule\clean_tmpdir.js
2023-09-12 14:03:28,614 INFO 4008 [egg-schedule]: register schedule D:\work\code\owner\node\eggSys\node_modules\_egg-logrotator@3.1.0@egg-logrotator\app\schedule\clean_log.js
2023-09-12 14:03:28,615 INFO 4008 [egg-schedule]: register schedule D:\work\code\owner\node\eggSys\node_modules\_egg-logrotator@3.1.0@egg-logrotator\app\schedule\rotate_by_file.js
2023-09-12 14:03:28,615 INFO 4008 [egg-schedule]: register schedule D:\work\code\owner\node\eggSys\app\schedule\updateInfo.js
2023-09-12 14:05:32,396 INFO 6076 [egg-schedule]: register schedule D:\work\code\owner\node\eggSys\node_modules\_egg-multipart@3.3.0@egg-multipart\app\schedule\clean_tmpdir.js
2023-09-12 14:05:32,396 INFO 6076 [egg-schedule]: register schedule D:\work\code\owner\node\eggSys\node_modules\_egg-logrotator@3.1.0@egg-logrotator\app\schedule\clean_log.js
2023-09-12 14:05:32,396 INFO 6076 [egg-schedule]: register schedule D:\work\code\owner\node\eggSys\node_modules\_egg-logrotator@3.1.0@egg-logrotator\app\schedule\rotate_by_file.js
2023-09-12 14:05:32,396 INFO 6076 [egg-schedule]: register schedule D:\work\code\owner\node\eggSys\app\schedule\updateInfo.js
2023-09-12 14:06:19,118 INFO 2928 [egg-schedule]: register schedule D:\work\code\owner\node\eggSys\node_modules\_egg-multipart@3.3.0@egg-multipart\app\schedule\clean_tmpdir.js
2023-09-12 14:06:19,118 INFO 2928 [egg-schedule]: register schedule D:\work\code\owner\node\eggSys\node_modules\_egg-logrotator@3.1.0@egg-logrotator\app\schedule\clean_log.js
2023-09-12 14:06:19,118 INFO 2928 [egg-schedule]: register schedule D:\work\code\owner\node\eggSys\node_modules\_egg-logrotator@3.1.0@egg-logrotator\app\schedule\rotate_by_file.js
2023-09-12 14:06:19,118 INFO 2928 [egg-schedule]: register schedule D:\work\code\owner\node\eggSys\app\schedule\updateInfo.js
2023-09-12 14:07:01,388 INFO 1904 [egg-schedule]: register schedule D:\work\code\owner\node\eggSys\node_modules\_egg-multipart@3.3.0@egg-multipart\app\schedule\clean_tmpdir.js
2023-09-12 14:07:01,388 INFO 1904 [egg-schedule]: register schedule D:\work\code\owner\node\eggSys\node_modules\_egg-logrotator@3.1.0@egg-logrotator\app\schedule\clean_log.js
2023-09-12 14:07:01,388 INFO 1904 [egg-schedule]: register schedule D:\work\code\owner\node\eggSys\node_modules\_egg-logrotator@3.1.0@egg-logrotator\app\schedule\rotate_by_file.js
2023-09-12 14:07:01,388 INFO 1904 [egg-schedule]: register schedule D:\work\code\owner\node\eggSys\app\schedule\updateInfo.js
2023-09-12 14:07:04,589 INFO 1308 [egg-schedule]: register schedule D:\work\code\owner\node\eggSys\node_modules\_egg-multipart@3.3.0@egg-multipart\app\schedule\clean_tmpdir.js
2023-09-12 14:07:04,589 INFO 1308 [egg-schedule]: register schedule D:\work\code\owner\node\eggSys\node_modules\_egg-logrotator@3.1.0@egg-logrotator\app\schedule\clean_log.js
2023-09-12 14:07:04,589 INFO 1308 [egg-schedule]: register schedule D:\work\code\owner\node\eggSys\node_modules\_egg-logrotator@3.1.0@egg-logrotator\app\schedule\rotate_by_file.js
2023-09-12 14:07:04,589 INFO 1308 [egg-schedule]: register schedule D:\work\code\owner\node\eggSys\app\schedule\updateInfo.js
2023-09-12 14:07:12,285 INFO 13508 [egg-schedule]: register schedule D:\work\code\owner\node\eggSys\node_modules\_egg-multipart@3.3.0@egg-multipart\app\schedule\clean_tmpdir.js
2023-09-12 14:07:12,285 INFO 13508 [egg-schedule]: register schedule D:\work\code\owner\node\eggSys\node_modules\_egg-logrotator@3.1.0@egg-logrotator\app\schedule\clean_log.js
2023-09-12 14:07:12,285 INFO 13508 [egg-schedule]: register schedule D:\work\code\owner\node\eggSys\node_modules\_egg-logrotator@3.1.0@egg-logrotator\app\schedule\rotate_by_file.js
2023-09-12 14:07:12,285 INFO 13508 [egg-schedule]: register schedule D:\work\code\owner\node\eggSys\app\schedule\updateInfo.js
2023-09-12 14:07:58,651 INFO 15924 [egg-schedule]: register schedule D:\work\code\owner\node\eggSys\node_modules\_egg-multipart@3.3.0@egg-multipart\app\schedule\clean_tmpdir.js
2023-09-12 14:07:58,651 INFO 15924 [egg-schedule]: register schedule D:\work\code\owner\node\eggSys\node_modules\_egg-logrotator@3.1.0@egg-logrotator\app\schedule\clean_log.js
2023-09-12 14:07:58,651 INFO 15924 [egg-schedule]: register schedule D:\work\code\owner\node\eggSys\node_modules\_egg-logrotator@3.1.0@egg-logrotator\app\schedule\rotate_by_file.js
2023-09-12 14:07:58,651 INFO 15924 [egg-schedule]: register schedule D:\work\code\owner\node\eggSys\app\schedule\updateInfo.js
2023-09-12 14:10:14,755 INFO 19036 [egg-schedule]: register schedule D:\work\code\owner\node\eggSys\node_modules\_egg-multipart@3.3.0@egg-multipart\app\schedule\clean_tmpdir.js
2023-09-12 14:10:14,755 INFO 19036 [egg-schedule]: register schedule D:\work\code\owner\node\eggSys\node_modules\_egg-logrotator@3.1.0@egg-logrotator\app\schedule\clean_log.js
2023-09-12 14:10:14,755 INFO 19036 [egg-schedule]: register schedule D:\work\code\owner\node\eggSys\node_modules\_egg-logrotator@3.1.0@egg-logrotator\app\schedule\rotate_by_file.js
2023-09-12 14:10:14,755 INFO 19036 [egg-schedule]: register schedule D:\work\code\owner\node\eggSys\app\schedule\updateInfo.js
2023-09-12 14:11:32,940 INFO 8224 [egg-schedule]: register schedule D:\work\code\owner\node\eggSys\node_modules\_egg-multipart@3.3.0@egg-multipart\app\schedule\clean_tmpdir.js
2023-09-12 14:11:32,940 INFO 8224 [egg-schedule]: register schedule D:\work\code\owner\node\eggSys\node_modules\_egg-logrotator@3.1.0@egg-logrotator\app\schedule\clean_log.js
2023-09-12 14:11:32,940 INFO 8224 [egg-schedule]: register schedule D:\work\code\owner\node\eggSys\node_modules\_egg-logrotator@3.1.0@egg-logrotator\app\schedule\rotate_by_file.js
2023-09-12 14:11:32,940 INFO 8224 [egg-schedule]: register schedule D:\work\code\owner\node\eggSys\app\schedule\updateInfo.js
2023-09-12 14:11:57,421 INFO 7776 [egg-schedule]: register schedule D:\work\code\owner\node\eggSys\node_modules\_egg-multipart@3.3.0@egg-multipart\app\schedule\clean_tmpdir.js
2023-09-12 14:11:57,421 INFO 7776 [egg-schedule]: register schedule D:\work\code\owner\node\eggSys\node_modules\_egg-logrotator@3.1.0@egg-logrotator\app\schedule\clean_log.js
2023-09-12 14:11:57,421 INFO 7776 [egg-schedule]: register schedule D:\work\code\owner\node\eggSys\node_modules\_egg-logrotator@3.1.0@egg-logrotator\app\schedule\rotate_by_file.js
2023-09-12 14:11:57,421 INFO 7776 [egg-schedule]: register schedule D:\work\code\owner\node\eggSys\app\schedule\updateInfo.js
2023-09-12 14:14:36,727 INFO 11308 [egg-schedule]: register schedule D:\work\code\owner\node\eggSys\node_modules\_egg-multipart@3.3.0@egg-multipart\app\schedule\clean_tmpdir.js
2023-09-12 14:14:36,727 INFO 11308 [egg-schedule]: register schedule D:\work\code\owner\node\eggSys\node_modules\_egg-logrotator@3.1.0@egg-logrotator\app\schedule\clean_log.js
2023-09-12 14:14:36,727 INFO 11308 [egg-schedule]: register schedule D:\work\code\owner\node\eggSys\node_modules\_egg-logrotator@3.1.0@egg-logrotator\app\schedule\rotate_by_file.js
2023-09-12 14:14:36,727 INFO 11308 [egg-schedule]: register schedule D:\work\code\owner\node\eggSys\app\schedule\updateInfo.js
2023-09-12 14:15:13,426 INFO 4320 [egg-schedule]: register schedule D:\work\code\owner\node\eggSys\node_modules\_egg-multipart@3.3.0@egg-multipart\app\schedule\clean_tmpdir.js
2023-09-12 14:15:13,426 INFO 4320 [egg-schedule]: register schedule D:\work\code\owner\node\eggSys\node_modules\_egg-logrotator@3.1.0@egg-logrotator\app\schedule\clean_log.js
2023-09-12 14:15:13,426 INFO 4320 [egg-schedule]: register schedule D:\work\code\owner\node\eggSys\node_modules\_egg-logrotator@3.1.0@egg-logrotator\app\schedule\rotate_by_file.js
2023-09-12 14:15:13,426 INFO 4320 [egg-schedule]: register schedule D:\work\code\owner\node\eggSys\app\schedule\updateInfo.js
2023-09-12 14:29:24,123 INFO 8436 [egg-schedule]: register schedule D:\work\code\owner\node\eggSys\node_modules\_egg-multipart@3.3.0@egg-multipart\app\schedule\clean_tmpdir.js
2023-09-12 14:29:24,123 INFO 8436 [egg-schedule]: register schedule D:\work\code\owner\node\eggSys\node_modules\_egg-logrotator@3.1.0@egg-logrotator\app\schedule\clean_log.js
2023-09-12 14:29:24,123 INFO 8436 [egg-schedule]: register schedule D:\work\code\owner\node\eggSys\node_modules\_egg-logrotator@3.1.0@egg-logrotator\app\schedule\rotate_by_file.js
2023-09-12 14:29:24,123 INFO 8436 [egg-schedule]: register schedule D:\work\code\owner\node\eggSys\app\schedule\updateInfo.js
2023-09-12 14:31:16,073 INFO 19240 [egg-schedule]: register schedule D:\work\code\owner\node\eggSys\node_modules\_egg-multipart@3.3.0@egg-multipart\app\schedule\clean_tmpdir.js
2023-09-12 14:31:16,073 INFO 19240 [egg-schedule]: register schedule D:\work\code\owner\node\eggSys\node_modules\_egg-logrotator@3.1.0@egg-logrotator\app\schedule\clean_log.js
2023-09-12 14:31:16,073 INFO 19240 [egg-schedule]: register schedule D:\work\code\owner\node\eggSys\node_modules\_egg-logrotator@3.1.0@egg-logrotator\app\schedule\rotate_by_file.js
2023-09-12 14:31:16,073 INFO 19240 [egg-schedule]: register schedule D:\work\code\owner\node\eggSys\app\schedule\updateInfo.js
2023-09-12 14:38:17,220 INFO 13096 [egg-schedule]: register schedule D:\work\code\owner\node\eggSys\node_modules\_egg-multipart@3.3.0@egg-multipart\app\schedule\clean_tmpdir.js
2023-09-12 14:38:17,220 INFO 13096 [egg-schedule]: register schedule D:\work\code\owner\node\eggSys\node_modules\_egg-logrotator@3.1.0@egg-logrotator\app\schedule\clean_log.js
2023-09-12 14:38:17,220 INFO 13096 [egg-schedule]: register schedule D:\work\code\owner\node\eggSys\node_modules\_egg-logrotator@3.1.0@egg-logrotator\app\schedule\rotate_by_file.js
2023-09-12 14:38:17,220 INFO 13096 [egg-schedule]: register schedule D:\work\code\owner\node\eggSys\app\schedule\updateInfo.js
2023-09-12 14:39:05,178 INFO 9092 [egg-schedule]: register schedule D:\work\code\owner\node\eggSys\node_modules\_egg-multipart@3.3.0@egg-multipart\app\schedule\clean_tmpdir.js
2023-09-12 14:39:05,178 INFO 9092 [egg-schedule]: register schedule D:\work\code\owner\node\eggSys\node_modules\_egg-logrotator@3.1.0@egg-logrotator\app\schedule\clean_log.js
2023-09-12 14:39:05,178 INFO 9092 [egg-schedule]: register schedule D:\work\code\owner\node\eggSys\node_modules\_egg-logrotator@3.1.0@egg-logrotator\app\schedule\rotate_by_file.js
2023-09-12 14:39:05,178 INFO 9092 [egg-schedule]: register schedule D:\work\code\owner\node\eggSys\app\schedule\updateInfo.js
2023-09-12 14:40:13,247 INFO 12300 [egg-schedule]: register schedule D:\work\code\owner\node\eggSys\node_modules\_egg-multipart@3.3.0@egg-multipart\app\schedule\clean_tmpdir.js
2023-09-12 14:40:13,247 INFO 12300 [egg-schedule]: register schedule D:\work\code\owner\node\eggSys\node_modules\_egg-logrotator@3.1.0@egg-logrotator\app\schedule\clean_log.js
2023-09-12 14:40:13,247 INFO 12300 [egg-schedule]: register schedule D:\work\code\owner\node\eggSys\node_modules\_egg-logrotator@3.1.0@egg-logrotator\app\schedule\rotate_by_file.js
2023-09-12 14:40:13,247 INFO 12300 [egg-schedule]: register schedule D:\work\code\owner\node\eggSys\app\schedule\updateInfo.js
2023-09-12 14:40:15,231 INFO 18160 [egg-schedule]: register schedule D:\work\code\owner\node\eggSys\node_modules\_egg-multipart@3.3.0@egg-multipart\app\schedule\clean_tmpdir.js
2023-09-12 14:40:15,231 INFO 18160 [egg-schedule]: register schedule D:\work\code\owner\node\eggSys\node_modules\_egg-logrotator@3.1.0@egg-logrotator\app\schedule\clean_log.js
2023-09-12 14:40:15,231 INFO 18160 [egg-schedule]: register schedule D:\work\code\owner\node\eggSys\node_modules\_egg-logrotator@3.1.0@egg-logrotator\app\schedule\rotate_by_file.js
2023-09-12 14:40:15,231 INFO 18160 [egg-schedule]: register schedule D:\work\code\owner\node\eggSys\app\schedule\updateInfo.js
2023-09-12 14:40:38,907 INFO 15340 [egg-schedule]: register schedule D:\work\code\owner\node\eggSys\node_modules\_egg-multipart@3.3.0@egg-multipart\app\schedule\clean_tmpdir.js
2023-09-12 14:40:38,907 INFO 15340 [egg-schedule]: register schedule D:\work\code\owner\node\eggSys\node_modules\_egg-logrotator@3.1.0@egg-logrotator\app\schedule\clean_log.js
2023-09-12 14:40:38,907 INFO 15340 [egg-schedule]: register schedule D:\work\code\owner\node\eggSys\node_modules\_egg-logrotator@3.1.0@egg-logrotator\app\schedule\rotate_by_file.js
2023-09-12 14:40:38,907 INFO 15340 [egg-schedule]: register schedule D:\work\code\owner\node\eggSys\app\schedule\updateInfo.js
2023-10-20 15:03:20,825 INFO 14792 [egg-schedule]: register schedule D:\work\code\owner\node\eggSys\node_modules\_egg-multipart@3.3.0@egg-multipart\app\schedule\clean_tmpdir.js
2023-10-20 15:03:20,825 INFO 14792 [egg-schedule]: register schedule D:\work\code\owner\node\eggSys\node_modules\_egg-logrotator@3.1.0@egg-logrotator\app\schedule\clean_log.js
2023-10-20 15:03:20,825 INFO 14792 [egg-schedule]: register schedule D:\work\code\owner\node\eggSys\node_modules\_egg-logrotator@3.1.0@egg-logrotator\app\schedule\rotate_by_file.js
2023-10-20 15:03:20,825 INFO 14792 [egg-schedule]: register schedule D:\work\code\owner\node\eggSys\app\schedule\updateInfo.js
2023-10-20 15:03:21,637 INFO 15200 [Timer] D:\work\code\owner\node\eggSys\node_modules\_egg-multipart@3.3.0@egg-multipart\app\schedule\clean_tmpdir.js next time will execute after 48398368ms at 2023-10-21 04:30:00.005
2023-10-20 15:03:21,638 INFO 15200 [Timer] D:\work\code\owner\node\eggSys\node_modules\_egg-logrotator@3.1.0@egg-logrotator\app\schedule\clean_log.js next time will execute after 32198363ms at 2023-10-21 00:00:00.001
2023-10-20 15:03:21,638 INFO 15200 [Timer] D:\work\code\owner\node\eggSys\node_modules\_egg-logrotator@3.1.0@egg-logrotator\app\schedule\rotate_by_file.js next time will execute after 32199362ms at 2023-10-21 00:00:01.000
2023-10-20 15:03:21,639 INFO 15200 [Timer] D:\work\code\owner\node\eggSys\app\schedule\updateInfo.js next time will execute after 120000000ms at 2023-10-22 00:23:21.639
2023-10-20 15:03:22,669 INFO 11196 [egg-schedule]: register schedule D:\work\code\owner\node\eggSys\node_modules\_egg-multipart@3.3.0@egg-multipart\app\schedule\clean_tmpdir.js
2023-10-20 15:03:22,669 INFO 11196 [egg-schedule]: register schedule D:\work\code\owner\node\eggSys\node_modules\_egg-logrotator@3.1.0@egg-logrotator\app\schedule\clean_log.js
2023-10-20 15:03:22,669 INFO 11196 [egg-schedule]: register schedule D:\work\code\owner\node\eggSys\node_modules\_egg-logrotator@3.1.0@egg-logrotator\app\schedule\rotate_by_file.js
2023-10-20 15:03:22,669 INFO 11196 [egg-schedule]: register schedule D:\work\code\owner\node\eggSys\app\schedule\updateInfo.js
2023-10-20 15:05:20,086 INFO 1236 [egg-schedule]: register schedule D:\work\code\owner\node\eggSys\node_modules\_egg-multipart@3.3.0@egg-multipart\app\schedule\clean_tmpdir.js
2023-10-20 15:05:20,086 INFO 1236 [egg-schedule]: register schedule D:\work\code\owner\node\eggSys\node_modules\_egg-logrotator@3.1.0@egg-logrotator\app\schedule\clean_log.js
2023-10-20 15:05:20,086 INFO 1236 [egg-schedule]: register schedule D:\work\code\owner\node\eggSys\node_modules\_egg-logrotator@3.1.0@egg-logrotator\app\schedule\rotate_by_file.js
2023-10-20 15:05:20,086 INFO 1236 [egg-schedule]: register schedule D:\work\code\owner\node\eggSys\app\schedule\updateInfo.js
2023-10-20 15:06:33,801 INFO 13500 [egg-schedule]: register schedule D:\work\code\owner\node\eggSys\node_modules\_egg-multipart@3.3.0@egg-multipart\app\schedule\clean_tmpdir.js
2023-10-20 15:06:33,801 INFO 13500 [egg-schedule]: register schedule D:\work\code\owner\node\eggSys\node_modules\_egg-logrotator@3.1.0@egg-logrotator\app\schedule\clean_log.js
2023-10-20 15:06:33,801 INFO 13500 [egg-schedule]: register schedule D:\work\code\owner\node\eggSys\node_modules\_egg-logrotator@3.1.0@egg-logrotator\app\schedule\rotate_by_file.js
2023-10-20 15:06:33,801 INFO 13500 [egg-schedule]: register schedule D:\work\code\owner\node\eggSys\app\schedule\updateInfo.js
2023-10-20 15:06:52,632 INFO 13012 [egg-schedule]: register schedule D:\work\code\owner\node\eggSys\node_modules\_egg-multipart@3.3.0@egg-multipart\app\schedule\clean_tmpdir.js
2023-10-20 15:06:52,632 INFO 13012 [egg-schedule]: register schedule D:\work\code\owner\node\eggSys\node_modules\_egg-logrotator@3.1.0@egg-logrotator\app\schedule\clean_log.js
2023-10-20 15:06:52,632 INFO 13012 [egg-schedule]: register schedule D:\work\code\owner\node\eggSys\node_modules\_egg-logrotator@3.1.0@egg-logrotator\app\schedule\rotate_by_file.js
2023-10-20 15:06:52,632 INFO 13012 [egg-schedule]: register schedule D:\work\code\owner\node\eggSys\app\schedule\updateInfo.js
2023-10-20 15:11:31,580 INFO 8064 [egg-schedule]: register schedule D:\work\code\owner\node\eggSys\node_modules\_egg-multipart@3.3.0@egg-multipart\app\schedule\clean_tmpdir.js
2023-10-20 15:11:31,581 INFO 8064 [egg-schedule]: register schedule D:\work\code\owner\node\eggSys\node_modules\_egg-logrotator@3.1.0@egg-logrotator\app\schedule\clean_log.js
2023-10-20 15:11:31,581 INFO 8064 [egg-schedule]: register schedule D:\work\code\owner\node\eggSys\node_modules\_egg-logrotator@3.1.0@egg-logrotator\app\schedule\rotate_by_file.js
2023-10-20 15:11:31,581 INFO 8064 [egg-schedule]: register schedule D:\work\code\owner\node\eggSys\app\schedule\updateInfo.js
2023-10-20 15:12:46,458 INFO 17112 [Timer] D:\work\code\owner\node\eggSys\node_modules\_egg-multipart@3.3.0@egg-multipart\app\schedule\clean_tmpdir.js next time will execute after 47833545ms at 2023-10-21 04:30:00.003
2023-10-20 15:12:46,458 INFO 17112 [Timer] D:\work\code\owner\node\eggSys\node_modules\_egg-logrotator@3.1.0@egg-logrotator\app\schedule\clean_log.js next time will execute after 31633542ms at 2023-10-21 00:00:00.000
2023-10-20 15:12:46,458 INFO 17112 [Timer] D:\work\code\owner\node\eggSys\node_modules\_egg-logrotator@3.1.0@egg-logrotator\app\schedule\rotate_by_file.js next time will execute after 31634542ms at 2023-10-21 00:00:01.000
2023-10-20 15:12:46,458 INFO 17112 [Timer] D:\work\code\owner\node\eggSys\app\schedule\updateInfo.js next time will execute after 120000000ms at 2023-10-22 00:32:46.458
2023-10-20 15:12:46,324 INFO 6424 [egg-schedule]: register schedule D:\work\code\owner\node\eggSys\node_modules\_egg-multipart@3.3.0@egg-multipart\app\schedule\clean_tmpdir.js
2023-10-20 15:12:46,324 INFO 6424 [egg-schedule]: register schedule D:\work\code\owner\node\eggSys\node_modules\_egg-logrotator@3.1.0@egg-logrotator\app\schedule\clean_log.js
2023-10-20 15:12:46,324 INFO 6424 [egg-schedule]: register schedule D:\work\code\owner\node\eggSys\node_modules\_egg-logrotator@3.1.0@egg-logrotator\app\schedule\rotate_by_file.js
2023-10-20 15:12:46,324 INFO 6424 [egg-schedule]: register schedule D:\work\code\owner\node\eggSys\app\schedule\updateInfo.js
2023-10-20 15:16:49,406 INFO 19236 [egg-schedule]: register schedule D:\work\code\owner\node\eggSys\node_modules\_egg-multipart@3.3.0@egg-multipart\app\schedule\clean_tmpdir.js
2023-10-20 15:16:49,406 INFO 19236 [egg-schedule]: register schedule D:\work\code\owner\node\eggSys\node_modules\_egg-logrotator@3.1.0@egg-logrotator\app\schedule\clean_log.js
2023-10-20 15:16:49,406 INFO 19236 [egg-schedule]: register schedule D:\work\code\owner\node\eggSys\node_modules\_egg-logrotator@3.1.0@egg-logrotator\app\schedule\rotate_by_file.js
2023-10-20 15:16:49,406 INFO 19236 [egg-schedule]: register schedule D:\work\code\owner\node\eggSys\app\schedule\updateInfo.js
2023-10-20 15:16:58,247 INFO 17096 [egg-schedule]: register schedule D:\work\code\owner\node\eggSys\node_modules\_egg-multipart@3.3.0@egg-multipart\app\schedule\clean_tmpdir.js
2023-10-20 15:16:58,247 INFO 17096 [egg-schedule]: register schedule D:\work\code\owner\node\eggSys\node_modules\_egg-logrotator@3.1.0@egg-logrotator\app\schedule\clean_log.js
2023-10-20 15:16:58,247 INFO 17096 [egg-schedule]: register schedule D:\work\code\owner\node\eggSys\node_modules\_egg-logrotator@3.1.0@egg-logrotator\app\schedule\rotate_by_file.js
2023-10-20 15:16:58,247 INFO 17096 [egg-schedule]: register schedule D:\work\code\owner\node\eggSys\app\schedule\updateInfo.js
