2023-09-06 16:53:06,501 ERROR 11972 [-/127.0.0.1/-/29ms GET /home] nodejs.ReferenceError: ctx is not defined
    at HomeController.index (D:\work\code\owner\node\eggSys\app\controller\home.js:5:22)
    at Object.callFn (D:\work\code\owner\node\eggSys\node_modules\_egg-core@5.3.1@egg-core\lib\utils\index.js:44:21)
    at Object.classControllerMiddleware (D:\work\code\owner\node\eggSys\node_modules\_egg-core@5.3.1@egg-core\lib\loader\mixin\controller.js:87:20)
    at Object.callFn (D:\work\code\owner\node\eggSys\node_modules\_@eggjs_router@2.0.1@@eggjs\router\lib\utils.js:12:21)
    at wrappedController (D:\work\code\owner\node\eggSys\node_modules\_@eggjs_router@2.0.1@@eggjs\router\lib\egg_router.js:322:18)
    at dispatch (D:\work\code\owner\node\eggSys\node_modules\_koa-compose@3.2.1@koa-compose\index.js:44:32)
    at next (D:\work\code\owner\node\eggSys\node_modules\_koa-compose@3.2.1@koa-compose\index.js:45:18)
    at D:\work\code\owner\node\eggSys\node_modules\_@eggjs_router@2.0.1@@eggjs\router\lib\router.js:186:18
    at dispatch (D:\work\code\owner\node\eggSys\node_modules\_koa-compose@3.2.1@koa-compose\index.js:44:32)
    at D:\work\code\owner\node\eggSys\node_modules\_koa-compose@3.2.1@koa-compose\index.js:36:12

pid: 11972
hostname: LAILINXIANG-L14

2023-09-11 09:56:30,353 ERROR 12432 [-/127.0.0.1/-/16ms GET /home] nodejs.Error: Please set config.keys first
    at Application.get keys [as keys] (D:\work\code\owner\node\eggSys\node_modules\_egg@3.17.4@egg\lib\application.js:285:15)
    at Object.get cookies [as cookies] (D:\work\code\owner\node\eggSys\node_modules\_egg@3.17.4@egg\app\extend\context.js:23:66)
    at Object.get [egg-security#CSRF_SECRET] (D:\work\code\owner\node\eggSys\node_modules\_egg-security@3.1.0@egg-security\app\extend\context.js:93:35)
    at Object.ensureCsrfSecret (D:\work\code\owner\node\eggSys\node_modules\_egg-security@3.1.0@egg-security\app\extend\context.js:106:13)
    at csrf (D:\work\code\owner\node\eggSys\node_modules\_egg-security@3.1.0@egg-security\lib\middlewares\csrf.js:13:11)
    at dispatch (D:\work\code\owner\node\eggSys\node_modules\_koa-compose@4.1.0@koa-compose\index.js:42:32)
    at D:\work\code\owner\node\eggSys\node_modules\_koa-compose@4.1.0@koa-compose\index.js:34:12
    at dispatch (D:\work\code\owner\node\eggSys\node_modules\_koa-compose@4.1.0@koa-compose\index.js:42:32)
    at session (D:\work\code\owner\node\eggSys\node_modules\_koa-session@6.4.0@koa-session\index.js:41:13)
    at dispatch (D:\work\code\owner\node\eggSys\node_modules\_koa-compose@4.1.0@koa-compose\index.js:42:32)

pid: 12432
hostname: LAILINXIANG-L14

2023-09-11 09:57:37,581 ERROR 11432 [-/127.0.0.1/-/16ms GET /home] nodejs.Error: Please set config.keys first
    at Application.get keys [as keys] (D:\work\code\owner\node\eggSys\node_modules\_egg@3.17.4@egg\lib\application.js:285:15)
    at Object.get cookies [as cookies] (D:\work\code\owner\node\eggSys\node_modules\_egg@3.17.4@egg\app\extend\context.js:23:66)
    at Object.get [egg-security#CSRF_SECRET] (D:\work\code\owner\node\eggSys\node_modules\_egg-security@3.1.0@egg-security\app\extend\context.js:93:35)
    at Object.ensureCsrfSecret (D:\work\code\owner\node\eggSys\node_modules\_egg-security@3.1.0@egg-security\app\extend\context.js:106:13)
    at csrf (D:\work\code\owner\node\eggSys\node_modules\_egg-security@3.1.0@egg-security\lib\middlewares\csrf.js:13:11)
    at dispatch (D:\work\code\owner\node\eggSys\node_modules\_koa-compose@4.1.0@koa-compose\index.js:42:32)
    at D:\work\code\owner\node\eggSys\node_modules\_koa-compose@4.1.0@koa-compose\index.js:34:12
    at dispatch (D:\work\code\owner\node\eggSys\node_modules\_koa-compose@4.1.0@koa-compose\index.js:42:32)
    at session (D:\work\code\owner\node\eggSys\node_modules\_koa-session@6.4.0@koa-session\index.js:41:13)
    at dispatch (D:\work\code\owner\node\eggSys\node_modules\_koa-compose@4.1.0@koa-compose\index.js:42:32)

pid: 11432
hostname: LAILINXIANG-L14

2023-09-11 09:58:03,233 ERROR 9416 [-/127.0.0.1/-/15ms GET /home] nodejs.Error: Please set config.keys first
    at Application.get keys [as keys] (D:\work\code\owner\node\eggSys\node_modules\_egg@3.17.4@egg\lib\application.js:285:15)
    at Object.get cookies [as cookies] (D:\work\code\owner\node\eggSys\node_modules\_egg@3.17.4@egg\app\extend\context.js:23:66)
    at Object.get [egg-security#CSRF_SECRET] (D:\work\code\owner\node\eggSys\node_modules\_egg-security@3.1.0@egg-security\app\extend\context.js:93:35)
    at Object.ensureCsrfSecret (D:\work\code\owner\node\eggSys\node_modules\_egg-security@3.1.0@egg-security\app\extend\context.js:106:13)
    at csrf (D:\work\code\owner\node\eggSys\node_modules\_egg-security@3.1.0@egg-security\lib\middlewares\csrf.js:13:11)
    at dispatch (D:\work\code\owner\node\eggSys\node_modules\_koa-compose@4.1.0@koa-compose\index.js:42:32)
    at D:\work\code\owner\node\eggSys\node_modules\_koa-compose@4.1.0@koa-compose\index.js:34:12
    at dispatch (D:\work\code\owner\node\eggSys\node_modules\_koa-compose@4.1.0@koa-compose\index.js:42:32)
    at session (D:\work\code\owner\node\eggSys\node_modules\_koa-session@6.4.0@koa-session\index.js:41:13)
    at dispatch (D:\work\code\owner\node\eggSys\node_modules\_koa-compose@4.1.0@koa-compose\index.js:42:32)

pid: 9416
hostname: LAILINXIANG-L14

2023-09-11 09:58:08,860 ERROR 9416 [-/127.0.0.1/-/2ms GET /home] nodejs.Error: Please set config.keys first
    at Application.get keys [as keys] (D:\work\code\owner\node\eggSys\node_modules\_egg@3.17.4@egg\lib\application.js:285:15)
    at Object.get cookies [as cookies] (D:\work\code\owner\node\eggSys\node_modules\_egg@3.17.4@egg\app\extend\context.js:23:66)
    at Object.get [egg-security#CSRF_SECRET] (D:\work\code\owner\node\eggSys\node_modules\_egg-security@3.1.0@egg-security\app\extend\context.js:93:35)
    at Object.ensureCsrfSecret (D:\work\code\owner\node\eggSys\node_modules\_egg-security@3.1.0@egg-security\app\extend\context.js:106:13)
    at csrf (D:\work\code\owner\node\eggSys\node_modules\_egg-security@3.1.0@egg-security\lib\middlewares\csrf.js:13:11)
    at dispatch (D:\work\code\owner\node\eggSys\node_modules\_koa-compose@4.1.0@koa-compose\index.js:42:32)
    at D:\work\code\owner\node\eggSys\node_modules\_koa-compose@4.1.0@koa-compose\index.js:34:12
    at dispatch (D:\work\code\owner\node\eggSys\node_modules\_koa-compose@4.1.0@koa-compose\index.js:42:32)
    at session (D:\work\code\owner\node\eggSys\node_modules\_koa-session@6.4.0@koa-session\index.js:41:13)
    at dispatch (D:\work\code\owner\node\eggSys\node_modules\_koa-compose@4.1.0@koa-compose\index.js:42:32)

pid: 9416
hostname: LAILINXIANG-L14

2023-09-11 09:58:32,076 ERROR 4008 [-/127.0.0.1/-/17ms GET /home] nodejs.Error: Please set config.keys first
    at Application.get keys [as keys] (D:\work\code\owner\node\eggSys\node_modules\_egg@3.17.4@egg\lib\application.js:285:15)
    at Object.get cookies [as cookies] (D:\work\code\owner\node\eggSys\node_modules\_egg@3.17.4@egg\app\extend\context.js:23:66)
    at Object.get [egg-security#CSRF_SECRET] (D:\work\code\owner\node\eggSys\node_modules\_egg-security@3.1.0@egg-security\app\extend\context.js:93:35)
    at Object.ensureCsrfSecret (D:\work\code\owner\node\eggSys\node_modules\_egg-security@3.1.0@egg-security\app\extend\context.js:106:13)
    at csrf (D:\work\code\owner\node\eggSys\node_modules\_egg-security@3.1.0@egg-security\lib\middlewares\csrf.js:13:11)
    at dispatch (D:\work\code\owner\node\eggSys\node_modules\_koa-compose@4.1.0@koa-compose\index.js:42:32)
    at D:\work\code\owner\node\eggSys\node_modules\_koa-compose@4.1.0@koa-compose\index.js:34:12
    at dispatch (D:\work\code\owner\node\eggSys\node_modules\_koa-compose@4.1.0@koa-compose\index.js:42:32)
    at session (D:\work\code\owner\node\eggSys\node_modules\_koa-session@6.4.0@koa-session\index.js:41:13)
    at dispatch (D:\work\code\owner\node\eggSys\node_modules\_koa-compose@4.1.0@koa-compose\index.js:42:32)

pid: 4008
hostname: LAILINXIANG-L14

2023-09-11 09:58:45,673 ERROR 10696 [-/127.0.0.1/-/23ms GET /home] nodejs.Error: Please set config.keys first
    at Application.get keys [as keys] (D:\work\code\owner\node\eggSys\node_modules\_egg@3.17.4@egg\lib\application.js:285:15)
    at Object.get cookies [as cookies] (D:\work\code\owner\node\eggSys\node_modules\_egg@3.17.4@egg\app\extend\context.js:23:66)
    at Object.get [egg-security#CSRF_SECRET] (D:\work\code\owner\node\eggSys\node_modules\_egg-security@3.1.0@egg-security\app\extend\context.js:93:35)
    at Object.ensureCsrfSecret (D:\work\code\owner\node\eggSys\node_modules\_egg-security@3.1.0@egg-security\app\extend\context.js:106:13)
    at csrf (D:\work\code\owner\node\eggSys\node_modules\_egg-security@3.1.0@egg-security\lib\middlewares\csrf.js:13:11)
    at dispatch (D:\work\code\owner\node\eggSys\node_modules\_koa-compose@4.1.0@koa-compose\index.js:42:32)
    at D:\work\code\owner\node\eggSys\node_modules\_koa-compose@4.1.0@koa-compose\index.js:34:12
    at dispatch (D:\work\code\owner\node\eggSys\node_modules\_koa-compose@4.1.0@koa-compose\index.js:42:32)
    at session (D:\work\code\owner\node\eggSys\node_modules\_koa-session@6.4.0@koa-session\index.js:41:13)
    at dispatch (D:\work\code\owner\node\eggSys\node_modules\_koa-compose@4.1.0@koa-compose\index.js:42:32)

pid: 10696
hostname: LAILINXIANG-L14

